
═══════════════════════════════════════════════════════════
[SESSION] 2025-11-26 12:27:27 - Nouvelle session
═══════════════════════════════════════════════════════════
[INFO] 2025-11-26 12:27:27 - Démarrage du backup - Profil: document, Type: full
[INFO] 2025-11-26 12:27:27 - Source: ./document, Destination: ./backup
[INFO] 2025-11-26 12:27:27 - Démarrage du backup FULL pour le profil document
[SUCCESS] 2025-11-26 12:27:27 - Backup FULL terminé : full_2025-11-26_12-27-27.tar.gz
[INFO] 2025-11-26 12:27:27 - Métadonnées créées : full_2025-11-26_12-27-27.tar.gz.meta.json
[SUCCESS] 2025-11-26 12:27:27 - Backup terminé avec succès (logs : logs/backup_2025-11-26.log)

═══════════════════════════════════════════════════════════
[SESSION] 2025-11-26 12:27:40 - Nouvelle session
═══════════════════════════════════════════════════════════
[INFO] 2025-11-26 12:27:40 - Démarrage du backup - Profil: document, Type: incremental
[INFO] 2025-11-26 12:27:40 - Source: ./document, Destination: ./backup
[INFO] 2025-11-26 12:27:40 - Démarrage du backup INCREMENTAL pour le profil document
[SUCCESS] 2025-11-26 12:27:40 - Backup INCREMENTAL terminé : inc_2025-11-26_12-27-40.tar.gz
[INFO] 2025-11-26 12:27:40 - Métadonnées créées : inc_2025-11-26_12-27-40.tar.gz.meta.json
[SUCCESS] 2025-11-26 12:27:40 - Backup terminé avec succès (logs : logs/backup_2025-11-26.log)

═══════════════════════════════════════════════════════════
[SESSION] 2025-11-26 12:28:44 - Nouvelle session
═══════════════════════════════════════════════════════════
[INFO] 2025-11-26 12:28:44 - Démarrage du backup - Profil: document, Type: full
[INFO] 2025-11-26 12:28:44 - Source: ./document, Destination: ./backup
[INFO] 2025-11-26 12:28:44 - Démarrage du backup FULL pour le profil document
[SUCCESS] 2025-11-26 12:28:44 - Backup FULL terminé : full_2025-11-26_12-28-44.tar.gz
[INFO] 2025-11-26 12:28:44 - Métadonnées créées : full_2025-11-26_12-28-44.tar.gz.meta.json
[SUCCESS] 2025-11-26 12:28:44 - Backup terminé avec succès (logs : logs/backup_2025-11-26.log)

═══════════════════════════════════════════════════════════
[SESSION] 2025-11-26 12:29:41 - Nouvelle session
═══════════════════════════════════════════════════════════
[INFO] 2025-11-26 12:29:41 - Démarrage du backup - Profil: document, Type: full
[INFO] 2025-11-26 12:29:41 - Source: ./document, Destination: ./backup
[INFO] 2025-11-26 12:29:41 - Démarrage du backup FULL pour le profil document
[SUCCESS] 2025-11-26 12:29:41 - Backup FULL terminé : full_2025-11-26_12-29-41.tar.gz
[INFO] 2025-11-26 12:29:41 - Métadonnées créées : full_2025-11-26_12-29-41.tar.gz.meta.json
[SUCCESS] 2025-11-26 12:29:41 - Backup terminé avec succès (logs : logs/backup_2025-11-26.log)

═══════════════════════════════════════════════════════════
[SESSION] 2025-11-26 12:29:55 - Nouvelle session
═══════════════════════════════════════════════════════════
[INFO] 2025-11-26 12:29:55 - Démarrage du backup - Profil: document, Type: full
[INFO] 2025-11-26 12:29:55 - Source: ./document, Destination: ./backup
[INFO] 2025-11-26 12:29:55 - Démarrage du backup FULL pour le profil document
[SUCCESS] 2025-11-26 12:29:55 - Backup FULL terminé : full_2025-11-26_12-29-55.tar.gz
[INFO] 2025-11-26 12:29:55 - Métadonnées créées : full_2025-11-26_12-29-55.tar.gz.meta.json
[SUCCESS] 2025-11-26 12:29:55 - Backup terminé avec succès (logs : logs/backup_2025-11-26.log)

═══════════════════════════════════════════════════════════
[SESSION] 2025-11-26 12:30:08 - Nouvelle session
═══════════════════════════════════════════════════════════
[INFO] 2025-11-26 12:30:08 - Démarrage du backup - Profil: document, Type: incremental
[INFO] 2025-11-26 12:30:09 - Source: ./document, Destination: ./backup
[INFO] 2025-11-26 12:30:09 - Démarrage du backup INCREMENTAL pour le profil document
[SUCCESS] 2025-11-26 12:30:09 - Backup INCREMENTAL terminé : inc_2025-11-26_12-30-09.tar.gz
[INFO] 2025-11-26 12:30:09 - Métadonnées créées : inc_2025-11-26_12-30-09.tar.gz.meta.json
[SUCCESS] 2025-11-26 12:30:09 - Backup terminé avec succès (logs : logs/backup_2025-11-26.log)

═══════════════════════════════════════════════════════════
[SESSION] 2025-11-26 12:30:22 - Nouvelle session
═══════════════════════════════════════════════════════════
[INFO] 2025-11-26 12:30:22 - Démarrage du backup - Profil: document, Type: diff
[INFO] 2025-11-26 12:30:23 - Source: ./document, Destination: ./backup
[INFO] 2025-11-26 12:30:23 - Démarrage du backup DIFFERENTIEL pour le profil document
[INFO] 2025-11-26 12:30:23 - Métadonnées créées : diff_2025-11-26_12-30-23.tar.gz.meta.json
[SUCCESS] 2025-11-26 12:30:23 - Backup DIFF terminé : diff_2025-11-26_12-30-23.tar.gz
[SUCCESS] 2025-11-26 12:30:23 - Backup terminé avec succès (logs : logs/backup_2025-11-26.log)

═══════════════════════════════════════════════════════════
[SESSION] 2025-11-26 15:08:50 - Nouvelle session
═══════════════════════════════════════════════════════════
[INFO] 2025-11-26 15:08:50 - Démarrage du backup - Profil: document, Type: full
[INFO] 2025-11-26 15:08:50 - Source: ./document, Destination: ./backup
[INFO] 2025-11-26 15:08:50 - Démarrage du backup FULL pour le profil document
[SUCCESS] 2025-11-26 15:08:50 - Backup FULL terminé : full_2025-11-26_15-08-50.tar.gz
[INFO] 2025-11-26 15:08:50 - Métadonnées créées : full_2025-11-26_15-08-50.tar.gz.meta.json
[SUCCESS] 2025-11-26 15:08:50 - Backup terminé avec succès (logs : logs/backup_2025-11-26.log)

═══════════════════════════════════════════════════════════
[SESSION] 2025-11-26 15:09:18 - Nouvelle session
═══════════════════════════════════════════════════════════
[INFO] 2025-11-26 15:09:18 - Démarrage du backup - Profil: document, Type: incremental
[INFO] 2025-11-26 15:09:18 - Source: ./document, Destination: ./backup
[INFO] 2025-11-26 15:09:18 - Démarrage du backup INCREMENTAL pour le profil document
[SUCCESS] 2025-11-26 15:09:19 - Backup INCREMENTAL terminé : inc_2025-11-26_15-09-19.tar.gz
[INFO] 2025-11-26 15:09:19 - Métadonnées créées : inc_2025-11-26_15-09-19.tar.gz.meta.json
[SUCCESS] 2025-11-26 15:09:19 - Backup terminé avec succès (logs : logs/backup_2025-11-26.log)

═══════════════════════════════════════════════════════════
[SESSION] 2025-11-26 15:09:46 - Nouvelle session
═══════════════════════════════════════════════════════════
[INFO] 2025-11-26 15:09:46 - Démarrage du backup - Profil: document, Type: diff
[INFO] 2025-11-26 15:09:46 - Source: ./document, Destination: ./backup
[INFO] 2025-11-26 15:09:46 - Démarrage du backup DIFFERENTIEL pour le profil document
[INFO] 2025-11-26 15:09:46 - Métadonnées créées : diff_2025-11-26_15-09-46.tar.gz.meta.json
[SUCCESS] 2025-11-26 15:09:46 - Backup DIFF terminé : diff_2025-11-26_15-09-46.tar.gz
[SUCCESS] 2025-11-26 15:09:46 - Backup terminé avec succès (logs : logs/backup_2025-11-26.log)

═══════════════════════════════════════════════════════════
[SESSION] 2025-11-26 16:29:02 - Nouvelle session
═══════════════════════════════════════════════════════════
[INFO] 2025-11-26 16:29:02 - Démarrage du backup - Profil: document, Type: full
[INFO] 2025-11-26 16:29:02 - Source: ./document, Destination: ./backup
[INFO] 2025-11-26 16:29:02 - Démarrage du backup FULL pour le profil document
[SUCCESS] 2025-11-26 16:29:02 - Backup FULL terminé : full_2025-11-26_16-29-02.tar.gz
[INFO] 2025-11-26 16:29:02 - Métadonnées créées : full_2025-11-26_16-29-02.tar.gz.meta.json
[SUCCESS] 2025-11-26 16:29:02 - Backup terminé avec succès (logs : logs/backup_2025-11-26.log)

═══════════════════════════════════════════════════════════
[SESSION] 2025-11-26 16:29:12 - Nouvelle session
═══════════════════════════════════════════════════════════
[INFO] 2025-11-26 16:29:12 - Démarrage du backup - Profil: document, Type: incremental
[INFO] 2025-11-26 16:29:12 - Source: ./document, Destination: ./backup
[INFO] 2025-11-26 16:29:12 - Démarrage du backup INCREMENTAL pour le profil document
[SUCCESS] 2025-11-26 16:29:12 - Backup INCREMENTAL terminé : inc_2025-11-26_16-29-12.tar.gz
[INFO] 2025-11-26 16:29:12 - Métadonnées créées : inc_2025-11-26_16-29-12.tar.gz.meta.json
[SUCCESS] 2025-11-26 16:29:13 - Backup terminé avec succès (logs : logs/backup_2025-11-26.log)

═══════════════════════════════════════════════════════════
[SESSION] 2025-11-26 16:29:35 - Nouvelle session
═══════════════════════════════════════════════════════════
[INFO] 2025-11-26 16:29:35 - Démarrage du backup - Profil: document, Type: diff
[INFO] 2025-11-26 16:29:35 - Source: ./document, Destination: ./backup
[INFO] 2025-11-26 16:29:35 - Démarrage du backup DIFFERENTIEL pour le profil document
[INFO] 2025-11-26 16:29:35 - Métadonnées créées : diff_2025-11-26_16-29-35.tar.gz.meta.json
[SUCCESS] 2025-11-26 16:29:35 - Backup DIFF terminé : diff_2025-11-26_16-29-35.tar.gz
[SUCCESS] 2025-11-26 16:29:35 - Backup terminé avec succès (logs : logs/backup_2025-11-26.log)
