
═══════════════════════════════════════════════════════════
[SESSION] 2025-11-24 16:02:11 - Nouvelle session
═══════════════════════════════════════════════════════════
[INFO] 2025-11-24 16:02:11 - Démarrage du backup - Profil: document, Type: full
[INFO] 2025-11-24 16:02:11 - Source: ./document, Destination: ./backup
[INFO] 2025-11-24 16:02:12 - Démarrage du backup FULL pour le profil document
[SUCCESS] 2025-11-24 16:02:12 - Backup FULL terminé : full_2025-11-24_16-02-12.tar.gz
[INFO] 2025-11-24 16:02:12 - Métadonnées créées : full_2025-11-24_16-02-12.tar.gz.meta.json
[SUCCESS] 2025-11-24 16:02:12 - Backup terminé avec succès (logs : logs/backup_2025-11-24.log)

═══════════════════════════════════════════════════════════
[SESSION] 2025-11-24 16:02:47 - Nouvelle session
═══════════════════════════════════════════════════════════
[INFO] 2025-11-24 16:02:47 - Démarrage du backup - Profil: document, Type: incremental
[INFO] 2025-11-24 16:02:47 - Source: ./document, Destination: ./backup
[INFO] 2025-11-24 16:02:47 - Démarrage du backup INCREMENTAL pour le profil document
[SUCCESS] 2025-11-24 16:02:48 - Backup INCREMENTAL terminé : inc_2025-11-24_16-02-47.tar.gz
[INFO] 2025-11-24 16:02:48 - Métadonnées créées : inc_2025-11-24_16-02-47.tar.gz.meta.json
[SUCCESS] 2025-11-24 16:02:48 - Backup terminé avec succès (logs : logs/backup_2025-11-24.log)

═══════════════════════════════════════════════════════════
[SESSION] 2025-11-24 16:03:14 - Nouvelle session
═══════════════════════════════════════════════════════════
[INFO] 2025-11-24 16:03:14 - Démarrage du backup - Profil: document, Type: diff
[INFO] 2025-11-24 16:03:14 - Source: ./document, Destination: ./backup
[INFO] 2025-11-24 16:03:14 - Démarrage du backup DIFFERENTIEL pour le profil document
[SUCCESS] 2025-11-24 16:03:14 - Backup DIFF terminé : diff_2025-11-24_16-03-14.tar.gz
[INFO] 2025-11-24 16:03:14 - Métadonnées créées : diff_2025-11-24_16-03-14.tar.gz.meta.json
[SUCCESS] 2025-11-24 16:03:14 - Backup terminé avec succès (logs : logs/backup_2025-11-24.log)
