
═══════════════════════════════════════════════════════════
[SESSION] 2025-11-23 15:25:39 - Nouvelle session
═══════════════════════════════════════════════════════════
[INFO] 2025-11-23 15:25:39 - Démarrage du backup - Profil: document, Type: full
[INFO] 2025-11-23 15:25:39 - Source: ./document, Destination: ./backup
[INFO] 2025-11-23 15:25:39 - Démarrage du backup FULL pour le profil document
[SUCCESS] 2025-11-23 15:25:39 - Backup FULL terminé : full_2025-11-23_15-25-39.tar.gz
[INFO] 2025-11-23 15:25:39 - Métadonnées créées : full_2025-11-23_15-25-39.tar.gz.meta.json
[SUCCESS] 2025-11-23 15:25:39 - Backup terminé avec succès (logs : logs/backup_2025-11-23.log)

═══════════════════════════════════════════════════════════
[SESSION] 2025-11-23 15:25:50 - Nouvelle session
═══════════════════════════════════════════════════════════
[INFO] 2025-11-23 15:25:50 - Démarrage du backup - Profil: document, Type: incremental
[INFO] 2025-11-23 15:25:50 - Source: ./document, Destination: ./backup
[INFO] 2025-11-23 15:25:51 - Démarrage du backup INCREMENTAL pour le profil document
[SUCCESS] 2025-11-23 15:25:51 - Backup INCREMENTAL terminé : inc_2025-11-23_15-25-51.tar.gz
[INFO] 2025-11-23 15:25:51 - Métadonnées créées : inc_2025-11-23_15-25-51.tar.gz.meta.json
[SUCCESS] 2025-11-23 15:25:51 - Backup terminé avec succès (logs : logs/backup_2025-11-23.log)

═══════════════════════════════════════════════════════════
[SESSION] 2025-11-23 15:26:00 - Nouvelle session
═══════════════════════════════════════════════════════════
[INFO] 2025-11-23 15:26:00 - Démarrage du backup - Profil: document, Type: diff
[INFO] 2025-11-23 15:26:00 - Source: ./document, Destination: ./backup
[INFO] 2025-11-23 15:26:00 - Démarrage du backup DIFFERENTIEL pour le profil document
[SUCCESS] 2025-11-23 15:26:00 - Backup DIFF terminé : diff_2025-11-23_15-26-00.tar.gz
[INFO] 2025-11-23 15:26:00 - Métadonnées créées : diff_2025-11-23_15-26-00.tar.gz.meta.json
[SUCCESS] 2025-11-23 15:26:00 - Backup terminé avec succès (logs : logs/backup_2025-11-23.log)

═══════════════════════════════════════════════════════════
[SESSION] 2025-11-23 15:27:10 - Nouvelle session
═══════════════════════════════════════════════════════════
[INFO] 2025-11-23 15:27:10 - Démarrage du backup - Profil: document, Type: full
[INFO] 2025-11-23 15:27:10 - Source: ./document, Destination: ./backup
[INFO] 2025-11-23 15:27:10 - Démarrage du backup FULL pour le profil document
[SUCCESS] 2025-11-23 15:27:10 - Backup FULL terminé : full_2025-11-23_15-27-10.tar.gz
[INFO] 2025-11-23 15:27:10 - Métadonnées créées : full_2025-11-23_15-27-10.tar.gz.meta.json
[SUCCESS] 2025-11-23 15:27:10 - Backup terminé avec succès (logs : logs/backup_2025-11-23.log)

═══════════════════════════════════════════════════════════
[SESSION] 2025-11-23 15:27:12 - Nouvelle session
═══════════════════════════════════════════════════════════
[INFO] 2025-11-23 15:27:12 - Démarrage du backup - Profil: document, Type: incremental
[INFO] 2025-11-23 15:27:12 - Source: ./document, Destination: ./backup
[INFO] 2025-11-23 15:27:12 - Démarrage du backup INCREMENTAL pour le profil document
[SUCCESS] 2025-11-23 15:27:12 - Backup INCREMENTAL terminé : inc_2025-11-23_15-27-12.tar.gz
[INFO] 2025-11-23 15:27:12 - Métadonnées créées : inc_2025-11-23_15-27-12.tar.gz.meta.json
[SUCCESS] 2025-11-23 15:27:12 - Backup terminé avec succès (logs : logs/backup_2025-11-23.log)

═══════════════════════════════════════════════════════════
[SESSION] 2025-11-23 15:27:14 - Nouvelle session
═══════════════════════════════════════════════════════════
[INFO] 2025-11-23 15:27:14 - Démarrage du backup - Profil: document, Type: diff
[INFO] 2025-11-23 15:27:14 - Source: ./document, Destination: ./backup
[INFO] 2025-11-23 15:27:14 - Démarrage du backup DIFFERENTIEL pour le profil document
[SUCCESS] 2025-11-23 15:27:14 - Backup DIFF terminé : diff_2025-11-23_15-27-14.tar.gz
[INFO] 2025-11-23 15:27:14 - Métadonnées créées : diff_2025-11-23_15-27-14.tar.gz.meta.json
[SUCCESS] 2025-11-23 15:27:14 - Backup terminé avec succès (logs : logs/backup_2025-11-23.log)

═══════════════════════════════════════════════════════════
[SESSION] 2025-11-23 15:34:24 - Nouvelle session
═══════════════════════════════════════════════════════════
[INFO] 2025-11-23 15:34:24 - Démarrage du backup - Profil: document, Type: full
[INFO] 2025-11-23 15:34:25 - Source: ./document, Destination: ./backup
[INFO] 2025-11-23 15:34:25 - Démarrage du backup FULL pour le profil document
[SUCCESS] 2025-11-23 15:34:25 - Backup FULL terminé : full_2025-11-23_15-34-25.tar.gz
[INFO] 2025-11-23 15:34:25 - Métadonnées créées : full_2025-11-23_15-34-25.tar.gz.meta.json
[SUCCESS] 2025-11-23 15:34:25 - Backup terminé avec succès (logs : logs/backup_2025-11-23.log)

═══════════════════════════════════════════════════════════
[SESSION] 2025-11-23 15:34:35 - Nouvelle session
═══════════════════════════════════════════════════════════
[INFO] 2025-11-23 15:34:35 - Démarrage du backup - Profil: document, Type: incremental
[INFO] 2025-11-23 15:34:35 - Source: ./document, Destination: ./backup
[INFO] 2025-11-23 15:34:35 - Démarrage du backup INCREMENTAL pour le profil document
[SUCCESS] 2025-11-23 15:34:35 - Backup INCREMENTAL terminé : inc_2025-11-23_15-34-35.tar.gz
[INFO] 2025-11-23 15:34:36 - Métadonnées créées : inc_2025-11-23_15-34-35.tar.gz.meta.json
[SUCCESS] 2025-11-23 15:34:36 - Backup terminé avec succès (logs : logs/backup_2025-11-23.log)

═══════════════════════════════════════════════════════════
[SESSION] 2025-11-23 15:34:41 - Nouvelle session
═══════════════════════════════════════════════════════════
[INFO] 2025-11-23 15:34:41 - Démarrage du backup - Profil: document, Type: diff
[INFO] 2025-11-23 15:34:41 - Source: ./document, Destination: ./backup
[INFO] 2025-11-23 15:34:41 - Démarrage du backup DIFFERENTIEL pour le profil document
[SUCCESS] 2025-11-23 15:34:41 - Backup DIFF terminé : diff_2025-11-23_15-34-41.tar.gz
[INFO] 2025-11-23 15:34:41 - Métadonnées créées : diff_2025-11-23_15-34-41.tar.gz.meta.json
[SUCCESS] 2025-11-23 15:34:41 - Backup terminé avec succès (logs : logs/backup_2025-11-23.log)

═══════════════════════════════════════════════════════════
[SESSION] 2025-11-23 15:37:24 - Nouvelle session
═══════════════════════════════════════════════════════════
[INFO] 2025-11-23 15:37:24 - Démarrage du backup - Profil: document, Type: full
[INFO] 2025-11-23 15:37:24 - Source: ./document, Destination: ./backup
[INFO] 2025-11-23 15:37:24 - Démarrage du backup FULL pour le profil document
[SUCCESS] 2025-11-23 15:37:24 - Backup FULL terminé : full_2025-11-23_15-37-24.tar.gz
[INFO] 2025-11-23 15:37:24 - Métadonnées créées : full_2025-11-23_15-37-24.tar.gz.meta.json
[SUCCESS] 2025-11-23 15:37:24 - Backup terminé avec succès (logs : logs/backup_2025-11-23.log)

═══════════════════════════════════════════════════════════
[SESSION] 2025-11-23 15:37:27 - Nouvelle session
═══════════════════════════════════════════════════════════
[INFO] 2025-11-23 15:37:27 - Démarrage du backup - Profil: document, Type: incremental
[INFO] 2025-11-23 15:37:27 - Source: ./document, Destination: ./backup
[INFO] 2025-11-23 15:37:27 - Démarrage du backup INCREMENTAL pour le profil document
[SUCCESS] 2025-11-23 15:37:27 - Backup INCREMENTAL terminé : inc_2025-11-23_15-37-27.tar.gz
[INFO] 2025-11-23 15:37:27 - Métadonnées créées : inc_2025-11-23_15-37-27.tar.gz.meta.json
[SUCCESS] 2025-11-23 15:37:27 - Backup terminé avec succès (logs : logs/backup_2025-11-23.log)

═══════════════════════════════════════════════════════════
[SESSION] 2025-11-23 15:37:31 - Nouvelle session
═══════════════════════════════════════════════════════════
[INFO] 2025-11-23 15:37:31 - Démarrage du backup - Profil: document, Type: diff
[INFO] 2025-11-23 15:37:31 - Source: ./document, Destination: ./backup
[INFO] 2025-11-23 15:37:31 - Démarrage du backup DIFFERENTIEL pour le profil document
[SUCCESS] 2025-11-23 15:37:31 - Backup DIFF terminé : diff_2025-11-23_15-37-31.tar.gz
[INFO] 2025-11-23 15:37:31 - Métadonnées créées : diff_2025-11-23_15-37-31.tar.gz.meta.json
[SUCCESS] 2025-11-23 15:37:31 - Backup terminé avec succès (logs : logs/backup_2025-11-23.log)

═══════════════════════════════════════════════════════════
[SESSION] 2025-11-23 15:38:27 - Nouvelle session
═══════════════════════════════════════════════════════════
[INFO] 2025-11-23 15:38:27 - Démarrage du backup - Profil: document, Type: full
[INFO] 2025-11-23 15:38:27 - Source: ./document, Destination: ./backup
[INFO] 2025-11-23 15:38:27 - Démarrage du backup FULL pour le profil document
[SUCCESS] 2025-11-23 15:38:27 - Backup FULL terminé : full_2025-11-23_15-38-27.tar.gz
[INFO] 2025-11-23 15:38:27 - Métadonnées créées : full_2025-11-23_15-38-27.tar.gz.meta.json
[SUCCESS] 2025-11-23 15:38:28 - Backup terminé avec succès (logs : logs/backup_2025-11-23.log)

═══════════════════════════════════════════════════════════
[SESSION] 2025-11-23 15:38:42 - Nouvelle session
═══════════════════════════════════════════════════════════
[INFO] 2025-11-23 15:38:42 - Démarrage du backup - Profil: document, Type: full
[INFO] 2025-11-23 15:38:42 - Source: ./document, Destination: ./backup
[INFO] 2025-11-23 15:38:42 - Démarrage du backup FULL pour le profil document
[SUCCESS] 2025-11-23 15:38:42 - Backup FULL terminé : full_2025-11-23_15-38-42.tar.gz
[INFO] 2025-11-23 15:38:42 - Métadonnées créées : full_2025-11-23_15-38-42.tar.gz.meta.json
[SUCCESS] 2025-11-23 15:38:42 - Backup terminé avec succès (logs : logs/backup_2025-11-23.log)

═══════════════════════════════════════════════════════════
[SESSION] 2025-11-23 15:39:20 - Nouvelle session
═══════════════════════════════════════════════════════════
[INFO] 2025-11-23 15:39:20 - Démarrage du backup - Profil: document, Type: full
[INFO] 2025-11-23 15:39:20 - Source: ./document, Destination: ./backup
[INFO] 2025-11-23 15:39:20 - Démarrage du backup FULL pour le profil document
[SUCCESS] 2025-11-23 15:39:20 - Backup FULL terminé : full_2025-11-23_15-39-20.tar.gz
[INFO] 2025-11-23 15:39:20 - Métadonnées créées : full_2025-11-23_15-39-20.tar.gz.meta.json
[SUCCESS] 2025-11-23 15:39:20 - Backup terminé avec succès (logs : logs/backup_2025-11-23.log)

═══════════════════════════════════════════════════════════
[SESSION] 2025-11-23 15:39:28 - Nouvelle session
═══════════════════════════════════════════════════════════
[INFO] 2025-11-23 15:39:28 - Démarrage du backup - Profil: document, Type: incremental
[INFO] 2025-11-23 15:39:28 - Source: ./document, Destination: ./backup
[INFO] 2025-11-23 15:39:28 - Démarrage du backup INCREMENTAL pour le profil document
[SUCCESS] 2025-11-23 15:39:28 - Backup INCREMENTAL terminé : inc_2025-11-23_15-39-28.tar.gz
[INFO] 2025-11-23 15:39:28 - Métadonnées créées : inc_2025-11-23_15-39-28.tar.gz.meta.json
[SUCCESS] 2025-11-23 15:39:28 - Backup terminé avec succès (logs : logs/backup_2025-11-23.log)

═══════════════════════════════════════════════════════════
[SESSION] 2025-11-23 15:39:37 - Nouvelle session
═══════════════════════════════════════════════════════════
[INFO] 2025-11-23 15:39:37 - Démarrage du backup - Profil: document, Type: diff
[INFO] 2025-11-23 15:39:37 - Source: ./document, Destination: ./backup
[INFO] 2025-11-23 15:39:37 - Démarrage du backup DIFFERENTIEL pour le profil document
[SUCCESS] 2025-11-23 15:39:37 - Backup DIFF terminé : diff_2025-11-23_15-39-37.tar.gz
[INFO] 2025-11-23 15:39:37 - Métadonnées créées : diff_2025-11-23_15-39-37.tar.gz.meta.json
[SUCCESS] 2025-11-23 15:39:37 - Backup terminé avec succès (logs : logs/backup_2025-11-23.log)

═══════════════════════════════════════════════════════════
[SESSION] 2025-11-23 15:42:51 - Nouvelle session
═══════════════════════════════════════════════════════════
[INFO] 2025-11-23 15:42:51 - Démarrage du backup - Profil: document, Type: full
[INFO] 2025-11-23 15:42:52 - Source: ./document, Destination: ./backup
[INFO] 2025-11-23 15:42:52 - Démarrage du backup FULL pour le profil document
[SUCCESS] 2025-11-23 15:42:52 - Backup FULL terminé : full_2025-11-23_15-42-52.tar.gz
[INFO] 2025-11-23 15:42:52 - Métadonnées créées : full_2025-11-23_15-42-52.tar.gz.meta.json
[SUCCESS] 2025-11-23 15:42:52 - Backup terminé avec succès (logs : logs/backup_2025-11-23.log)

═══════════════════════════════════════════════════════════
[SESSION] 2025-11-23 15:42:56 - Nouvelle session
═══════════════════════════════════════════════════════════
[INFO] 2025-11-23 15:42:56 - Démarrage du backup - Profil: document, Type: incremental
[INFO] 2025-11-23 15:42:56 - Source: ./document, Destination: ./backup
[INFO] 2025-11-23 15:42:56 - Démarrage du backup INCREMENTAL pour le profil document
[SUCCESS] 2025-11-23 15:42:56 - Backup INCREMENTAL terminé : inc_2025-11-23_15-42-56.tar.gz
[INFO] 2025-11-23 15:42:57 - Métadonnées créées : inc_2025-11-23_15-42-56.tar.gz.meta.json
[SUCCESS] 2025-11-23 15:42:57 - Backup terminé avec succès (logs : logs/backup_2025-11-23.log)

═══════════════════════════════════════════════════════════
[SESSION] 2025-11-23 15:43:01 - Nouvelle session
═══════════════════════════════════════════════════════════
[INFO] 2025-11-23 15:43:01 - Démarrage du backup - Profil: document, Type: diff
[INFO] 2025-11-23 15:43:01 - Source: ./document, Destination: ./backup
[INFO] 2025-11-23 15:43:01 - Démarrage du backup DIFFERENTIEL pour le profil document
[SUCCESS] 2025-11-23 15:43:01 - Backup DIFF terminé : diff_2025-11-23_15-43-01.tar.gz
[INFO] 2025-11-23 15:43:01 - Métadonnées créées : diff_2025-11-23_15-43-01.tar.gz.meta.json
[SUCCESS] 2025-11-23 15:43:01 - Backup terminé avec succès (logs : logs/backup_2025-11-23.log)

═══════════════════════════════════════════════════════════
[SESSION] 2025-11-23 15:46:17 - Nouvelle session
═══════════════════════════════════════════════════════════
[INFO] 2025-11-23 15:46:17 - Démarrage du backup - Profil: document, Type: full
[INFO] 2025-11-23 15:46:17 - Source: ./document, Destination: ./backup
[INFO] 2025-11-23 15:46:17 - Démarrage du backup FULL pour le profil document
[SUCCESS] 2025-11-23 15:46:17 - Backup FULL terminé : full_2025-11-23_15-46-17.tar.gz
[INFO] 2025-11-23 15:46:17 - Métadonnées créées : full_2025-11-23_15-46-17.tar.gz.meta.json
[SUCCESS] 2025-11-23 15:46:17 - Backup terminé avec succès (logs : logs/backup_2025-11-23.log)

═══════════════════════════════════════════════════════════
[SESSION] 2025-11-23 15:47:17 - Nouvelle session
═══════════════════════════════════════════════════════════
[INFO] 2025-11-23 15:47:17 - Démarrage du backup - Profil: document, Type: full
[INFO] 2025-11-23 15:47:18 - Source: ./document, Destination: ./backup
[INFO] 2025-11-23 15:47:18 - Démarrage du backup FULL pour le profil document
[SUCCESS] 2025-11-23 15:47:18 - Backup FULL terminé : full_2025-11-23_15-47-18.tar.gz
[INFO] 2025-11-23 15:47:18 - Métadonnées créées : full_2025-11-23_15-47-18.tar.gz.meta.json
[SUCCESS] 2025-11-23 15:47:18 - Backup terminé avec succès (logs : logs/backup_2025-11-23.log)

═══════════════════════════════════════════════════════════
[SESSION] 2025-11-23 15:47:22 - Nouvelle session
═══════════════════════════════════════════════════════════
[INFO] 2025-11-23 15:47:22 - Démarrage du backup - Profil: document, Type: incremental
[INFO] 2025-11-23 15:47:22 - Source: ./document, Destination: ./backup
[INFO] 2025-11-23 15:47:22 - Démarrage du backup INCREMENTAL pour le profil document
[SUCCESS] 2025-11-23 15:47:22 - Backup INCREMENTAL terminé : inc_2025-11-23_15-47-22.tar.gz
[INFO] 2025-11-23 15:47:22 - Métadonnées créées : inc_2025-11-23_15-47-22.tar.gz.meta.json
[SUCCESS] 2025-11-23 15:47:22 - Backup terminé avec succès (logs : logs/backup_2025-11-23.log)

═══════════════════════════════════════════════════════════
[SESSION] 2025-11-23 15:48:09 - Nouvelle session
═══════════════════════════════════════════════════════════
[INFO] 2025-11-23 15:48:09 - Démarrage du backup - Profil: document, Type: diff
[INFO] 2025-11-23 15:48:09 - Source: ./document, Destination: ./backup
[INFO] 2025-11-23 15:48:09 - Démarrage du backup DIFFERENTIEL pour le profil document
[SUCCESS] 2025-11-23 15:48:09 - Backup DIFF terminé : diff_2025-11-23_15-48-09.tar.gz
[INFO] 2025-11-23 15:48:09 - Métadonnées créées : diff_2025-11-23_15-48-09.tar.gz.meta.json
[SUCCESS] 2025-11-23 15:48:09 - Backup terminé avec succès (logs : logs/backup_2025-11-23.log)

═══════════════════════════════════════════════════════════
[SESSION] 2025-11-23 15:49:34 - Nouvelle session
═══════════════════════════════════════════════════════════
[INFO] 2025-11-23 15:49:34 - Démarrage du backup - Profil: document, Type: full
[INFO] 2025-11-23 15:49:34 - Source: ./document, Destination: ./backup
[INFO] 2025-11-23 15:49:34 - Démarrage du backup FULL pour le profil document
[SUCCESS] 2025-11-23 15:49:34 - Backup FULL terminé : full_2025-11-23_15-49-34.tar.gz
[INFO] 2025-11-23 15:49:34 - Métadonnées créées : full_2025-11-23_15-49-34.tar.gz.meta.json
[SUCCESS] 2025-11-23 15:49:34 - Backup terminé avec succès (logs : logs/backup_2025-11-23.log)

═══════════════════════════════════════════════════════════
[SESSION] 2025-11-23 15:49:38 - Nouvelle session
═══════════════════════════════════════════════════════════
[INFO] 2025-11-23 15:49:38 - Démarrage du backup - Profil: document, Type: incremental
[INFO] 2025-11-23 15:49:39 - Source: ./document, Destination: ./backup
[INFO] 2025-11-23 15:49:39 - Démarrage du backup INCREMENTAL pour le profil document
[SUCCESS] 2025-11-23 15:49:39 - Backup INCREMENTAL terminé : inc_2025-11-23_15-49-39.tar.gz
[INFO] 2025-11-23 15:49:39 - Métadonnées créées : inc_2025-11-23_15-49-39.tar.gz.meta.json
[SUCCESS] 2025-11-23 15:49:39 - Backup terminé avec succès (logs : logs/backup_2025-11-23.log)

═══════════════════════════════════════════════════════════
[SESSION] 2025-11-23 15:49:43 - Nouvelle session
═══════════════════════════════════════════════════════════
[INFO] 2025-11-23 15:49:43 - Démarrage du backup - Profil: document, Type: diff
[INFO] 2025-11-23 15:49:43 - Source: ./document, Destination: ./backup
[INFO] 2025-11-23 15:49:43 - Démarrage du backup DIFFERENTIEL pour le profil document
[SUCCESS] 2025-11-23 15:49:43 - Backup DIFF terminé : diff_2025-11-23_15-49-43.tar.gz
[INFO] 2025-11-23 15:49:44 - Métadonnées créées : diff_2025-11-23_15-49-43.tar.gz.meta.json
[SUCCESS] 2025-11-23 15:49:44 - Backup terminé avec succès (logs : logs/backup_2025-11-23.log)

═══════════════════════════════════════════════════════════
[SESSION] 2025-11-23 15:58:31 - Nouvelle session
═══════════════════════════════════════════════════════════
[INFO] 2025-11-23 15:58:31 - Démarrage du backup - Profil: document, Type: full
[INFO] 2025-11-23 15:58:31 - Source: ./document, Destination: ./backup
[INFO] 2025-11-23 15:58:31 - Démarrage du backup FULL pour le profil document
[SUCCESS] 2025-11-23 15:58:31 - Backup FULL terminé : full_2025-11-23_15-58-31.tar.gz
[INFO] 2025-11-23 15:58:31 - Métadonnées créées : full_2025-11-23_15-58-31.tar.gz.meta.json
[SUCCESS] 2025-11-23 15:58:31 - Backup terminé avec succès (logs : logs/backup_2025-11-23.log)

═══════════════════════════════════════════════════════════
[SESSION] 2025-11-23 15:58:36 - Nouvelle session
═══════════════════════════════════════════════════════════
[INFO] 2025-11-23 15:58:36 - Démarrage du backup - Profil: document, Type: incremental
[INFO] 2025-11-23 15:58:36 - Source: ./document, Destination: ./backup
[INFO] 2025-11-23 15:58:36 - Démarrage du backup INCREMENTAL pour le profil document
[SUCCESS] 2025-11-23 15:58:36 - Backup INCREMENTAL terminé : inc_2025-11-23_15-58-36.tar.gz
[INFO] 2025-11-23 15:58:36 - Métadonnées créées : inc_2025-11-23_15-58-36.tar.gz.meta.json
[SUCCESS] 2025-11-23 15:58:36 - Backup terminé avec succès (logs : logs/backup_2025-11-23.log)

═══════════════════════════════════════════════════════════
[SESSION] 2025-11-23 15:58:40 - Nouvelle session
═══════════════════════════════════════════════════════════
[INFO] 2025-11-23 15:58:40 - Démarrage du backup - Profil: document, Type: diff
[INFO] 2025-11-23 15:58:40 - Source: ./document, Destination: ./backup
[INFO] 2025-11-23 15:58:40 - Démarrage du backup DIFFERENTIEL pour le profil document
[SUCCESS] 2025-11-23 15:58:40 - Backup DIFF terminé : diff_2025-11-23_15-58-40.tar.gz
[INFO] 2025-11-23 15:58:40 - Métadonnées créées : diff_2025-11-23_15-58-40.tar.gz.meta.json
[SUCCESS] 2025-11-23 15:58:40 - Backup terminé avec succès (logs : logs/backup_2025-11-23.log)

═══════════════════════════════════════════════════════════
[SESSION] 2025-11-23 16:15:27 - Nouvelle session
═══════════════════════════════════════════════════════════
[INFO] 2025-11-23 16:15:27 - Démarrage du backup - Profil: document, Type: full
[INFO] 2025-11-23 16:15:27 - Source: ./document, Destination: ./backup
[INFO] 2025-11-23 16:15:27 - Démarrage du backup FULL pour le profil document
[SUCCESS] 2025-11-23 16:15:27 - Backup FULL terminé : full_2025-11-23_16-15-27.tar.gz
[INFO] 2025-11-23 16:15:27 - Métadonnées créées : full_2025-11-23_16-15-27.tar.gz.meta.json
[SUCCESS] 2025-11-23 16:15:27 - Backup terminé avec succès (logs : logs/backup_2025-11-23.log)

═══════════════════════════════════════════════════════════
[SESSION] 2025-11-23 16:15:31 - Nouvelle session
═══════════════════════════════════════════════════════════
[INFO] 2025-11-23 16:15:31 - Démarrage du backup - Profil: document, Type: incremental
[INFO] 2025-11-23 16:15:32 - Source: ./document, Destination: ./backup
[INFO] 2025-11-23 16:15:32 - Démarrage du backup INCREMENTAL pour le profil document
[SUCCESS] 2025-11-23 16:15:32 - Backup INCREMENTAL terminé : inc_2025-11-23_16-15-32.tar.gz
[INFO] 2025-11-23 16:15:32 - Métadonnées créées : inc_2025-11-23_16-15-32.tar.gz.meta.json
[SUCCESS] 2025-11-23 16:15:32 - Backup terminé avec succès (logs : logs/backup_2025-11-23.log)

═══════════════════════════════════════════════════════════
[SESSION] 2025-11-23 16:15:35 - Nouvelle session
═══════════════════════════════════════════════════════════
[INFO] 2025-11-23 16:15:35 - Démarrage du backup - Profil: document, Type: diff
[INFO] 2025-11-23 16:15:35 - Source: ./document, Destination: ./backup
[INFO] 2025-11-23 16:15:35 - Démarrage du backup DIFFERENTIEL pour le profil document
[SUCCESS] 2025-11-23 16:15:36 - Backup DIFF terminé : diff_2025-11-23_16-15-35.tar.gz
[INFO] 2025-11-23 16:15:36 - Métadonnées créées : diff_2025-11-23_16-15-35.tar.gz.meta.json
[SUCCESS] 2025-11-23 16:15:36 - Backup terminé avec succès (logs : logs/backup_2025-11-23.log)

═══════════════════════════════════════════════════════════
[SESSION] 2025-11-23 16:16:34 - Nouvelle session
═══════════════════════════════════════════════════════════
[INFO] 2025-11-23 16:16:34 - Démarrage du backup - Profil: document, Type: full
[INFO] 2025-11-23 16:16:34 - Source: ./document, Destination: ./backup
[INFO] 2025-11-23 16:16:34 - Démarrage du backup FULL pour le profil document
[SUCCESS] 2025-11-23 16:16:34 - Backup FULL terminé : full_2025-11-23_16-16-34.tar.gz
[INFO] 2025-11-23 16:16:34 - Métadonnées créées : full_2025-11-23_16-16-34.tar.gz.meta.json
[SUCCESS] 2025-11-23 16:16:34 - Backup terminé avec succès (logs : logs/backup_2025-11-23.log)

═══════════════════════════════════════════════════════════
[SESSION] 2025-11-23 16:16:38 - Nouvelle session
═══════════════════════════════════════════════════════════
[INFO] 2025-11-23 16:16:38 - Démarrage du backup - Profil: document, Type: incremental
[INFO] 2025-11-23 16:16:38 - Source: ./document, Destination: ./backup
[INFO] 2025-11-23 16:16:38 - Démarrage du backup INCREMENTAL pour le profil document
[SUCCESS] 2025-11-23 16:16:38 - Backup INCREMENTAL terminé : inc_2025-11-23_16-16-38.tar.gz
[INFO] 2025-11-23 16:16:38 - Métadonnées créées : inc_2025-11-23_16-16-38.tar.gz.meta.json
[SUCCESS] 2025-11-23 16:16:39 - Backup terminé avec succès (logs : logs/backup_2025-11-23.log)

═══════════════════════════════════════════════════════════
[SESSION] 2025-11-23 16:16:42 - Nouvelle session
═══════════════════════════════════════════════════════════
[INFO] 2025-11-23 16:16:42 - Démarrage du backup - Profil: document, Type: diff
[INFO] 2025-11-23 16:16:42 - Source: ./document, Destination: ./backup
[INFO] 2025-11-23 16:16:42 - Démarrage du backup DIFFERENTIEL pour le profil document
[SUCCESS] 2025-11-23 16:16:42 - Backup DIFF terminé : diff_2025-11-23_16-16-42.tar.gz
[INFO] 2025-11-23 16:16:42 - Métadonnées créées : diff_2025-11-23_16-16-42.tar.gz.meta.json
[SUCCESS] 2025-11-23 16:16:42 - Backup terminé avec succès (logs : logs/backup_2025-11-23.log)

═══════════════════════════════════════════════════════════
[SESSION] 2025-11-23 16:18:00 - Nouvelle session
═══════════════════════════════════════════════════════════
[INFO] 2025-11-23 16:18:00 - Démarrage du backup - Profil: document, Type: full
[INFO] 2025-11-23 16:18:00 - Source: ./document, Destination: ./backup
[INFO] 2025-11-23 16:18:00 - Démarrage du backup FULL pour le profil document
[SUCCESS] 2025-11-23 16:18:00 - Backup FULL terminé : full_2025-11-23_16-18-00.tar.gz
[INFO] 2025-11-23 16:18:00 - Métadonnées créées : full_2025-11-23_16-18-00.tar.gz.meta.json
[SUCCESS] 2025-11-23 16:18:01 - Backup terminé avec succès (logs : logs/backup_2025-11-23.log)

═══════════════════════════════════════════════════════════
[SESSION] 2025-11-23 16:18:04 - Nouvelle session
═══════════════════════════════════════════════════════════
[INFO] 2025-11-23 16:18:04 - Démarrage du backup - Profil: document, Type: incremental
[INFO] 2025-11-23 16:18:04 - Source: ./document, Destination: ./backup
[INFO] 2025-11-23 16:18:04 - Démarrage du backup INCREMENTAL pour le profil document
[SUCCESS] 2025-11-23 16:18:04 - Backup INCREMENTAL terminé : inc_2025-11-23_16-18-04.tar.gz
[INFO] 2025-11-23 16:18:04 - Métadonnées créées : inc_2025-11-23_16-18-04.tar.gz.meta.json
[SUCCESS] 2025-11-23 16:18:04 - Backup terminé avec succès (logs : logs/backup_2025-11-23.log)

═══════════════════════════════════════════════════════════
[SESSION] 2025-11-23 16:18:08 - Nouvelle session
═══════════════════════════════════════════════════════════
[INFO] 2025-11-23 16:18:08 - Démarrage du backup - Profil: document, Type: diff
[INFO] 2025-11-23 16:18:09 - Source: ./document, Destination: ./backup
[INFO] 2025-11-23 16:18:09 - Démarrage du backup DIFFERENTIEL pour le profil document
[SUCCESS] 2025-11-23 16:18:09 - Backup DIFF terminé : diff_2025-11-23_16-18-09.tar.gz
[INFO] 2025-11-23 16:18:09 - Métadonnées créées : diff_2025-11-23_16-18-09.tar.gz.meta.json
[SUCCESS] 2025-11-23 16:18:09 - Backup terminé avec succès (logs : logs/backup_2025-11-23.log)

═══════════════════════════════════════════════════════════
[SESSION] 2025-11-23 21:13:31 - Nouvelle session
═══════════════════════════════════════════════════════════
[INFO] 2025-11-23 21:13:31 - Démarrage du backup - Profil: document, Type: full
[INFO] 2025-11-23 21:13:31 - Source: ./document, Destination: ./backup
[INFO] 2025-11-23 21:13:31 - Démarrage du backup FULL pour le profil document
[SUCCESS] 2025-11-23 21:13:31 - Backup FULL terminé : full_2025-11-23_21-13-31.tar.gz
[INFO] 2025-11-23 21:13:31 - Métadonnées créées : full_2025-11-23_21-13-31.tar.gz.meta.json
[SUCCESS] 2025-11-23 21:13:31 - Backup terminé avec succès (logs : logs/backup_2025-11-23.log)

═══════════════════════════════════════════════════════════
[SESSION] 2025-11-23 21:13:36 - Nouvelle session
═══════════════════════════════════════════════════════════
[INFO] 2025-11-23 21:13:36 - Démarrage du backup - Profil: document, Type: incremental
[INFO] 2025-11-23 21:13:36 - Source: ./document, Destination: ./backup
[INFO] 2025-11-23 21:13:36 - Démarrage du backup INCREMENTAL pour le profil document
[SUCCESS] 2025-11-23 21:13:36 - Backup INCREMENTAL terminé : inc_2025-11-23_21-13-36.tar.gz
[INFO] 2025-11-23 21:13:36 - Métadonnées créées : inc_2025-11-23_21-13-36.tar.gz.meta.json
[SUCCESS] 2025-11-23 21:13:36 - Backup terminé avec succès (logs : logs/backup_2025-11-23.log)

═══════════════════════════════════════════════════════════
[SESSION] 2025-11-23 21:13:40 - Nouvelle session
═══════════════════════════════════════════════════════════
[INFO] 2025-11-23 21:13:40 - Démarrage du backup - Profil: document, Type: diff
[INFO] 2025-11-23 21:13:40 - Source: ./document, Destination: ./backup
[INFO] 2025-11-23 21:13:40 - Démarrage du backup DIFFERENTIEL pour le profil document
[SUCCESS] 2025-11-23 21:13:40 - Backup DIFF terminé : diff_2025-11-23_21-13-40.tar.gz
[INFO] 2025-11-23 21:13:40 - Métadonnées créées : diff_2025-11-23_21-13-40.tar.gz.meta.json
[SUCCESS] 2025-11-23 21:13:40 - Backup terminé avec succès (logs : logs/backup_2025-11-23.log)

═══════════════════════════════════════════════════════════
[SESSION] 2025-11-23 21:28:26 - Nouvelle session
═══════════════════════════════════════════════════════════
[INFO] 2025-11-23 21:28:26 - Démarrage du backup - Profil: document, Type: full
[INFO] 2025-11-23 21:28:27 - Source: ./document, Destination: ./backup
[INFO] 2025-11-23 21:28:27 - Démarrage du backup FULL pour le profil document
[SUCCESS] 2025-11-23 21:28:27 - Backup FULL terminé : full_2025-11-23_21-28-27.tar.gz
[INFO] 2025-11-23 21:28:27 - Métadonnées créées : full_2025-11-23_21-28-27.tar.gz.meta.json
[SUCCESS] 2025-11-23 21:28:27 - Backup terminé avec succès (logs : logs/backup_2025-11-23.log)

═══════════════════════════════════════════════════════════
[SESSION] 2025-11-23 21:28:39 - Nouvelle session
═══════════════════════════════════════════════════════════
[INFO] 2025-11-23 21:28:39 - Démarrage du backup - Profil: document, Type: full
[INFO] 2025-11-23 21:28:39 - Source: ./document, Destination: ./backup
[INFO] 2025-11-23 21:28:39 - Démarrage du backup FULL pour le profil document
[SUCCESS] 2025-11-23 21:28:39 - Backup FULL terminé : full_2025-11-23_21-28-39.tar.gz
[INFO] 2025-11-23 21:28:39 - Métadonnées créées : full_2025-11-23_21-28-39.tar.gz.meta.json
[SUCCESS] 2025-11-23 21:28:39 - Backup terminé avec succès (logs : logs/backup_2025-11-23.log)

═══════════════════════════════════════════════════════════
[SESSION] 2025-11-23 21:28:44 - Nouvelle session
═══════════════════════════════════════════════════════════
[INFO] 2025-11-23 21:28:44 - Démarrage du backup - Profil: document, Type: incremental
[INFO] 2025-11-23 21:28:44 - Source: ./document, Destination: ./backup
[INFO] 2025-11-23 21:28:44 - Démarrage du backup INCREMENTAL pour le profil document
[SUCCESS] 2025-11-23 21:28:44 - Backup INCREMENTAL terminé : inc_2025-11-23_21-28-44.tar.gz
[INFO] 2025-11-23 21:28:44 - Métadonnées créées : inc_2025-11-23_21-28-44.tar.gz.meta.json
[SUCCESS] 2025-11-23 21:28:44 - Backup terminé avec succès (logs : logs/backup_2025-11-23.log)

═══════════════════════════════════════════════════════════
[SESSION] 2025-11-23 21:28:49 - Nouvelle session
═══════════════════════════════════════════════════════════
[INFO] 2025-11-23 21:28:49 - Démarrage du backup - Profil: document, Type: diff
[INFO] 2025-11-23 21:28:49 - Source: ./document, Destination: ./backup
[INFO] 2025-11-23 21:28:49 - Démarrage du backup DIFFERENTIEL pour le profil document
[SUCCESS] 2025-11-23 21:28:49 - Backup DIFF terminé : diff_2025-11-23_21-28-49.tar.gz
[INFO] 2025-11-23 21:28:49 - Métadonnées créées : diff_2025-11-23_21-28-49.tar.gz.meta.json
[SUCCESS] 2025-11-23 21:28:49 - Backup terminé avec succès (logs : logs/backup_2025-11-23.log)

═══════════════════════════════════════════════════════════
[SESSION] 2025-11-23 21:30:18 - Nouvelle session
═══════════════════════════════════════════════════════════
[INFO] 2025-11-23 21:30:18 - Démarrage du backup - Profil: document, Type: full
[INFO] 2025-11-23 21:30:18 - Source: ./document, Destination: ./backup
[INFO] 2025-11-23 21:30:18 - Démarrage du backup FULL pour le profil document
[SUCCESS] 2025-11-23 21:30:18 - Backup FULL terminé : full_2025-11-23_21-30-18.tar.gz
[INFO] 2025-11-23 21:30:18 - Métadonnées créées : full_2025-11-23_21-30-18.tar.gz.meta.json
[SUCCESS] 2025-11-23 21:30:18 - Backup terminé avec succès (logs : logs/backup_2025-11-23.log)

═══════════════════════════════════════════════════════════
[SESSION] 2025-11-23 21:30:27 - Nouvelle session
═══════════════════════════════════════════════════════════
[INFO] 2025-11-23 21:30:27 - Démarrage du backup - Profil: document, Type: full
[INFO] 2025-11-23 21:30:27 - Source: ./document, Destination: ./backup
[INFO] 2025-11-23 21:30:27 - Démarrage du backup FULL pour le profil document
[SUCCESS] 2025-11-23 21:30:27 - Backup FULL terminé : full_2025-11-23_21-30-27.tar.gz
[INFO] 2025-11-23 21:30:27 - Métadonnées créées : full_2025-11-23_21-30-27.tar.gz.meta.json
[SUCCESS] 2025-11-23 21:30:27 - Backup terminé avec succès (logs : logs/backup_2025-11-23.log)

═══════════════════════════════════════════════════════════
[SESSION] 2025-11-23 21:30:30 - Nouvelle session
═══════════════════════════════════════════════════════════
[INFO] 2025-11-23 21:30:30 - Démarrage du backup - Profil: document, Type: incremental
[INFO] 2025-11-23 21:30:30 - Source: ./document, Destination: ./backup
[INFO] 2025-11-23 21:30:30 - Démarrage du backup INCREMENTAL pour le profil document
[SUCCESS] 2025-11-23 21:30:30 - Backup INCREMENTAL terminé : inc_2025-11-23_21-30-30.tar.gz
[INFO] 2025-11-23 21:30:30 - Métadonnées créées : inc_2025-11-23_21-30-30.tar.gz.meta.json
[SUCCESS] 2025-11-23 21:30:31 - Backup terminé avec succès (logs : logs/backup_2025-11-23.log)

═══════════════════════════════════════════════════════════
[SESSION] 2025-11-23 21:30:35 - Nouvelle session
═══════════════════════════════════════════════════════════
[INFO] 2025-11-23 21:30:35 - Démarrage du backup - Profil: document, Type: diff
[INFO] 2025-11-23 21:30:35 - Source: ./document, Destination: ./backup
[INFO] 2025-11-23 21:30:35 - Démarrage du backup DIFFERENTIEL pour le profil document
[SUCCESS] 2025-11-23 21:30:35 - Backup DIFF terminé : diff_2025-11-23_21-30-35.tar.gz
[INFO] 2025-11-23 21:30:35 - Métadonnées créées : diff_2025-11-23_21-30-35.tar.gz.meta.json
[SUCCESS] 2025-11-23 21:30:35 - Backup terminé avec succès (logs : logs/backup_2025-11-23.log)

═══════════════════════════════════════════════════════════
[SESSION] 2025-11-23 21:33:52 - Nouvelle session
═══════════════════════════════════════════════════════════
[INFO] 2025-11-23 21:33:52 - Démarrage du backup - Profil: document, Type: full
[INFO] 2025-11-23 21:33:52 - Source: ./document, Destination: ./backup
[INFO] 2025-11-23 21:33:52 - Démarrage du backup FULL pour le profil document
[SUCCESS] 2025-11-23 21:33:52 - Backup FULL terminé : full_2025-11-23_21-33-52.tar.gz
[INFO] 2025-11-23 21:33:52 - Métadonnées créées : full_2025-11-23_21-33-52.tar.gz.meta.json
[SUCCESS] 2025-11-23 21:33:53 - Backup terminé avec succès (logs : logs/backup_2025-11-23.log)

═══════════════════════════════════════════════════════════
[SESSION] 2025-11-23 21:33:56 - Nouvelle session
═══════════════════════════════════════════════════════════
[INFO] 2025-11-23 21:33:56 - Démarrage du backup - Profil: document, Type: incremental
[INFO] 2025-11-23 21:33:56 - Source: ./document, Destination: ./backup
[INFO] 2025-11-23 21:33:56 - Démarrage du backup INCREMENTAL pour le profil document
[SUCCESS] 2025-11-23 21:33:57 - Backup INCREMENTAL terminé : inc_2025-11-23_21-33-56.tar.gz
[INFO] 2025-11-23 21:33:57 - Métadonnées créées : inc_2025-11-23_21-33-56.tar.gz.meta.json
[SUCCESS] 2025-11-23 21:33:57 - Backup terminé avec succès (logs : logs/backup_2025-11-23.log)

═══════════════════════════════════════════════════════════
[SESSION] 2025-11-23 21:34:00 - Nouvelle session
═══════════════════════════════════════════════════════════
[INFO] 2025-11-23 21:34:00 - Démarrage du backup - Profil: document, Type: diff
[INFO] 2025-11-23 21:34:00 - Source: ./document, Destination: ./backup
[INFO] 2025-11-23 21:34:00 - Démarrage du backup DIFFERENTIEL pour le profil document
[SUCCESS] 2025-11-23 21:34:00 - Backup DIFF terminé : diff_2025-11-23_21-34-00.tar.gz
[INFO] 2025-11-23 21:34:00 - Métadonnées créées : diff_2025-11-23_21-34-00.tar.gz.meta.json
[SUCCESS] 2025-11-23 21:34:00 - Backup terminé avec succès (logs : logs/backup_2025-11-23.log)
