
═══════════════════════════════════════════════════════════
[SESSION] 2025-11-22 17:37:23 - Nouvelle session
═══════════════════════════════════════════════════════════
[INFO] 2025-11-22 17:37:23 - Démarrage du backup - Profil: document, Type: full
[INFO] 2025-11-22 17:37:23 - Source: ./document, Destination: ./backup
[INFO] 2025-11-22 17:37:23 - Démarrage du backup FULL pour le profil document
[SUCCESS] 2025-11-22 17:37:23 - Backup FULL terminé : full_2025-11-22_17-37-23.tar.gz
[INFO] 2025-11-22 17:37:23 - Métadonnées créées : full_2025-11-22_17-37-23.tar.gz.meta.json
[SUCCESS] 2025-11-22 17:37:23 - Backup terminé avec succès (logs : logs/backup_2025-11-22.log)

═══════════════════════════════════════════════════════════
[SESSION] 2025-11-22 17:37:23 - Nouvelle session
═══════════════════════════════════════════════════════════
[INFO] 2025-11-22 17:37:23 - Démarrage du backup - Profil: document, Type: incremental
[INFO] 2025-11-22 17:37:23 - Source: ./document, Destination: ./backup
[INFO] 2025-11-22 17:37:23 - Démarrage du backup INCREMENTAL pour le profil document
[SUCCESS] 2025-11-22 17:37:23 - Backup INCREMENTAL terminé : inc_2025-11-22_17-37-23.tar.gz
[INFO] 2025-11-22 17:37:23 - Métadonnées créées : inc_2025-11-22_17-37-23.tar.gz.meta.json
[SUCCESS] 2025-11-22 17:37:24 - Backup terminé avec succès (logs : logs/backup_2025-11-22.log)

═══════════════════════════════════════════════════════════
[SESSION] 2025-11-22 17:37:24 - Nouvelle session
═══════════════════════════════════════════════════════════
[INFO] 2025-11-22 17:37:24 - Démarrage du backup - Profil: document, Type: diff
[INFO] 2025-11-22 17:37:24 - Source: ./document, Destination: ./backup
[INFO] 2025-11-22 17:37:24 - Démarrage du backup DIFFERENTIEL pour le profil document
[INFO] 2025-11-22 17:37:24 - Métadonnées créées : diff_2025-11-22_17-37-24.tar.gz.meta.json
[SUCCESS] 2025-11-22 17:37:24 - Backup DIFF terminé : diff_2025-11-22_17-37-24.tar.gz
[SUCCESS] 2025-11-22 17:37:24 - Backup terminé avec succès (logs : logs/backup_2025-11-22.log)
