
═══════════════════════════════════════════════════════════
[SESSION] 2025-11-25 22:10:59 - Nouvelle session
═══════════════════════════════════════════════════════════
[INFO] 2025-11-25 22:10:59 - Démarrage de la restauration - Profil: document
[INFO] 2025-11-25 22:10:59 - Source: ./document, Archives: ./backup
[INFO] 2025-11-25 22:10:59 - Restauration complète depuis full_2025-11-25_22-10-37.tar.gz
[WARN] 2025-11-25 22:10:59 - [DRY-RUN] Mode de test activé
[INFO] 2025-11-25 22:10:59 - [DRY-RUN] Aucun fichier n'a été restauré.
[SUCCESS] 2025-11-25 22:10:59 - Restauration terminée (logs : logs/restore_2025-11-25.log)

═══════════════════════════════════════════════════════════
[SESSION] 2025-11-25 22:11:02 - Nouvelle session
═══════════════════════════════════════════════════════════
[INFO] 2025-11-25 22:11:02 - Démarrage de la restauration - Profil: document
[INFO] 2025-11-25 22:11:02 - Source: ./document, Archives: ./backup
[INFO] 2025-11-25 22:11:02 - Restauration complète depuis full_2025-11-25_22-10-37.tar.gz
[SUCCESS] 2025-11-25 22:11:02 - Restauration complète terminée.
[SUCCESS] 2025-11-25 22:11:02 - Restauration terminée (logs : logs/restore_2025-11-25.log)

═══════════════════════════════════════════════════════════
[SESSION] 2025-11-25 22:11:03 - Nouvelle session
═══════════════════════════════════════════════════════════
[INFO] 2025-11-25 22:11:03 - Démarrage de la restauration - Profil: document
[INFO] 2025-11-25 22:11:03 - Source: ./document, Archives: ./backup
[INFO] 2025-11-25 22:11:03 - Recherche du fichier readme.txt dans les archives
[ERROR] 2025-11-25 22:11:03 - Fichier readme.txt introuvable dans les archives

═══════════════════════════════════════════════════════════
[SESSION] 2025-11-25 22:12:06 - Nouvelle session
═══════════════════════════════════════════════════════════
[INFO] 2025-11-25 22:12:06 - Démarrage de la restauration - Profil: document
[INFO] 2025-11-25 22:12:06 - Source: ./document, Archives: ./backup
[INFO] 2025-11-25 22:12:06 - Recherche du fichier readme.txt dans les archives
[INFO] 2025-11-25 22:12:06 - Fichier trouvé dans FULL : full_2025-11-25_22-10-37.tar.gz → document/readme.txt
[SUCCESS] 2025-11-25 22:12:06 - Fichier document/readme.txt restauré avec succès
[SUCCESS] 2025-11-25 22:12:06 - Restauration terminée (logs : logs/restore_2025-11-25.log)

═══════════════════════════════════════════════════════════
[SESSION] 2025-11-25 22:12:15 - Nouvelle session
═══════════════════════════════════════════════════════════
[INFO] 2025-11-25 22:12:15 - Démarrage de la restauration - Profil: document
[INFO] 2025-11-25 22:12:15 - Source: ./document, Archives: ./backup
[INFO] 2025-11-25 22:12:15 - Recherche du fichier data.txt dans les archives
[INFO] 2025-11-25 22:12:15 - Fichier trouvé dans FULL : full_2025-11-25_22-10-37.tar.gz → document/subdir1/data.txt
[SUCCESS] 2025-11-25 22:12:15 - Fichier document/subdir1/data.txt restauré avec succès
[SUCCESS] 2025-11-25 22:12:15 - Restauration terminée (logs : logs/restore_2025-11-25.log)
